[00:33:45] [main/INFO]: Setting user: Player51
[00:33:48] [Client thread/INFO]: LWJGL Version: 2.9.1
[00:34:02] [Client thread/INFO]: Reloading ResourceManager: Default, FMLFileResourcePack:Forge Mod Loader, FMLFileResourcePack:Minecraft Forge, FMLFileResourcePack:Not Enough Items, FMLFileResourcePack:Baubles, FMLFileResourcePack:Thaumcraft, FMLFileResourcePack:Witchery, FMLFileResourcePack:Forge Microblocks, FMLFileResourcePack:Forge Multipart, FMLFileResourcePack:Minecraft Multipart Plugin, FMLFileResourcePack:Deathly Hallows
[00:34:10] [Sound Library Loader/INFO]: Sound engine started
[00:34:11] [Client thread/INFO]: Created: 16x16 textures/blocks-atlas
[00:34:11] [Client thread/INFO]: Created: 16x16 textures/items-atlas
[00:34:14] [Client thread/INFO]: Reloading ResourceManager: Default, FMLFileResourcePack:Forge Mod Loader, FMLFileResourcePack:Minecraft Forge, FMLFileResourcePack:Not Enough Items, FMLFileResourcePack:Baubles, FMLFileResourcePack:Thaumcraft, FMLFileResourcePack:Witchery, FMLFileResourcePack:Forge Microblocks, FMLFileResourcePack:Forge Multipart, FMLFileResourcePack:Minecraft Multipart Plugin, FMLFileResourcePack:Deathly Hallows
[00:34:15] [Client thread/INFO]: Created: 1024x512 textures/blocks-atlas
[00:34:15] [Client thread/INFO]: Created: 4096x2048 textures/items-atlas
[00:34:16] [Sound Library Loader/INFO]: Sound engine started
[00:34:52] [Server thread/INFO]: Starting integrated minecraft server version 1.7.10
[00:34:52] [Server thread/INFO]: Generating keypair
[00:34:52] [Server thread/INFO]: Preparing start region for level 0
[00:34:53] [Server thread/INFO]: Changing view distance to 12, from 10
[00:34:54] [Server thread/INFO]: Player51[local:E:9382b017] logged in with entity id 87 at (-968.7389420825268, 69.61463400578373, 789.8377393005364)
[00:34:54] [Server thread/INFO]: Player51 joined the game
[00:34:56] [Server thread/INFO]: Saving and pausing game...
[00:34:56] [Server thread/INFO]: Saving chunks for level 'Новый мир5'/Overworld
[00:34:56] [Server thread/INFO]: Saving chunks for level 'Новый мир5'/Nether
[00:34:56] [Server thread/INFO]: Saving chunks for level 'Новый мир5'/The End
[00:34:56] [Server thread/INFO]: Saving chunks for level 'Новый мир5'/Spirit World
[00:34:56] [Server thread/INFO]: Saving chunks for level 'Новый мир5'/Torment
[00:34:56] [Server thread/INFO]: Saving chunks for level 'Новый мир5'/Mirror
[00:34:56] [Server thread/INFO]: Saving chunks for level 'Новый мир5'/The Outer Lands
[00:36:26] [Client thread/INFO]: [CHAT] Version 1.0.7.48 of CodeChickenCore is available
[00:36:26] [Client thread/INFO]: [CHAT] Version 1.0.5.120 of NotEnoughItems is available
[00:36:31] [Server thread/INFO]: Player51 has just earned the achievement [Taking Inventory]
[00:36:31] [Client thread/INFO]: [CHAT] Player51 has just earned the achievement [Taking Inventory]
[00:36:37] [Client thread/INFO]: [CHAT] Unknown symbol drawn.
[00:36:38] [Client thread/INFO]: [CHAT] Unknown symbol drawn.
[00:36:39] [Client thread/INFO]: [CHAT] Unknown symbol drawn.
[00:36:41] [Client thread/INFO]: [CHAT] Unknown symbol drawn.
[00:36:43] [Client thread/INFO]: [CHAT] Unknown symbol drawn.
[00:36:44] [Server thread/INFO]: Saving and pausing game...
[00:36:44] [Server thread/INFO]: Saving chunks for level 'Новый мир5'/Overworld
[00:36:45] [Server thread/INFO]: Saving chunks for level 'Новый мир5'/Nether
[00:36:45] [Server thread/INFO]: Saving chunks for level 'Новый мир5'/The End
[00:36:45] [Server thread/INFO]: Saving chunks for level 'Новый мир5'/Spirit World
[00:36:45] [Server thread/INFO]: Saving chunks for level 'Новый мир5'/Torment
[00:36:45] [Server thread/INFO]: Saving chunks for level 'Новый мир5'/Mirror
[00:36:45] [Server thread/INFO]: Saving chunks for level 'Новый мир5'/The Outer Lands
[00:36:45] [Client thread/INFO]: Stopping!
[00:36:45] [Server thread/INFO]: Stopping server
[00:36:45] [Server thread/INFO]: Saving players
[00:36:45] [Server thread/INFO]: Saving worlds
[00:36:45] [Server thread/INFO]: Saving chunks for level 'Новый мир5'/Overworld
[00:36:45] [Server thread/INFO]: Saving chunks for level 'Новый мир5'/Nether
[00:36:45] [Server thread/INFO]: Saving chunks for level 'Новый мир5'/The End
[00:36:45] [Server thread/INFO]: Saving chunks for level 'Новый мир5'/Spirit World
[00:36:45] [Server thread/INFO]: Saving chunks for level 'Новый мир5'/Torment
[00:36:45] [Server thread/INFO]: Saving chunks for level 'Новый мир5'/Mirror
[00:36:45] [Server thread/INFO]: Saving chunks for level 'Новый мир5'/The Outer Lands
[00:36:45] [Client Shutdown Thread/INFO]: Stopping server
[00:36:45] [Client Shutdown Thread/INFO]: Saving players
